<?xml version="1.0" encoding="UTF-8"?>
<!-- Generated by org.testng.reporters.JUnitReportReporter -->
<testsuite hostname="Mol10" name="com.foodstore.EmailValidatorTest" tests="15" failures="0" timestamp="12 Aug 2016 18:09:16 GMT" time="0.064" errors="0">
  <testcase name="verifyIncorrectEmailsCanNotBeUused" time="0.003" classname="com.foodstore.EmailValidatorTest"/>
  <testcase name="correctEmailsVerifying" time="0.002" classname="com.foodstore.EmailValidatorTest"/>
  <testcase name="correctEmailsVerifying" time="0.004" classname="com.foodstore.EmailValidatorTest"/>
  <testcase name="correctEmailsVerifying" time="0.002" classname="com.foodstore.EmailValidatorTest"/>
  <testcase name="correctEmailsVerifying" time="0.004" classname="com.foodstore.EmailValidatorTest"/>
  <testcase name="verifyIncorrectEmailsCanNotBeUused" time="0.002" classname="com.foodstore.EmailValidatorTest"/>
  <testcase name="correctEmailsVerifying" time="0.003" classname="com.foodstore.EmailValidatorTest"/>
  <testcase name="verifyIncorrectEmailsCanNotBeUused" time="0.004" classname="com.foodstore.EmailValidatorTest"/>
  <testcase name="verifyIncorrectEmailsCanNotBeUused" time="0.003" classname="com.foodstore.EmailValidatorTest"/>
  <testcase name="verifyIncorrectEmailsCanNotBeUused" time="0.003" classname="com.foodstore.EmailValidatorTest"/>
  <testcase name="verifyIncorrectEmailsCanNotBeUused" time="0.004" classname="com.foodstore.EmailValidatorTest"/>
  <testcase name="correctEmailsVerifying" time="0.003" classname="com.foodstore.EmailValidatorTest"/>
  <testcase name="correctEmailsVerifying" time="0.002" classname="com.foodstore.EmailValidatorTest"/>
  <testcase name="correctEmailsVerifying" time="0.014" classname="com.foodstore.EmailValidatorTest"/>
  <testcase name="verifyIncorrectEmailsCanNotBeUused" time="0.011" classname="com.foodstore.EmailValidatorTest"/>
</testsuite> <!-- com.foodstore.EmailValidatorTest -->
