<?xml version="1.0" encoding="UTF-8"?>
<!-- Generated by org.testng.reporters.JUnitReportReporter -->
<testsuite hostname="Mol10" name="com.foodstore.PasswordValidatorTest" tests="6" failures="0" timestamp="12 Aug 2016 18:09:16 GMT" time="0.012" errors="0">
  <testcase name="verifyValidPasswords" time="0.004" classname="com.foodstore.PasswordValidatorTest"/>
  <testcase name="verifyValidPasswords" time="0.002" classname="com.foodstore.PasswordValidatorTest"/>
  <testcase name="verifyValidPasswords" time="0.002" classname="com.foodstore.PasswordValidatorTest"/>
  <testcase name="verifyInvalidPasswords" time="0.001" classname="com.foodstore.PasswordValidatorTest"/>
  <testcase name="verifyInvalidPasswords" time="0.002" classname="com.foodstore.PasswordValidatorTest"/>
  <testcase name="verifyInvalidPasswords" time="0.001" classname="com.foodstore.PasswordValidatorTest"/>
</testsuite> <!-- com.foodstore.PasswordValidatorTest -->
